submitit INFO (2025-07-16 11:04:28,428) - Starting with JobEnvironment(job_id=303097, hostname=gn40, local_rank=0(1), node=0(1), global_rank=0(1))
submitit INFO (2025-07-16 11:04:28,428) - Loading pickle: /share/home/conradb/git/hephaestus-minicubes-ssl/mae_training/submitit_logs/e2e-finetune/303097_submitted.pkl
====================
Initializing MAE end to end finetuning
====================
20140101
[0, 1, 2]
[3, 4, 5, 6, 7, 8]
/scratch/SDF25/Imagery/Hephaestus_Minicubes_v0_webdataset/1
/scratch/SDF25/Imagery/Hephaestus_Minicubes_v0_webdataset/1/train_pos/sample-train_pos-000014.tar
000014
/scratch/SDF25/Imagery/Hephaestus_Minicubes_v0_webdataset/1/train_pos/sample-train_pos-{000000..000014}.tar
Cuda available = True
Random seed set as 42
Load pre-trained checkpoint from: checkpoints/mae/pretraining/mae_vit_large_patch16/vbe2p57j/mae_vit_large_patch16_epochs_800.pt
_IncompatibleKeys(missing_keys=['head.weight', 'head.bias'], unexpected_keys=['mask_token', 'decoder_pos_embed', 'decoder_embed.weight', 'decoder_embed.bias', 'decoder_blocks.0.norm1.weight', 'decoder_blocks.0.norm1.bias', 'decoder_blocks.0.attn.qkv.weight', 'decoder_blocks.0.attn.qkv.bias', 'decoder_blocks.0.attn.proj.weight', 'decoder_blocks.0.attn.proj.bias', 'decoder_blocks.0.norm2.weight', 'decoder_blocks.0.norm2.bias', 'decoder_blocks.0.mlp.fc1.weight', 'decoder_blocks.0.mlp.fc1.bias', 'decoder_blocks.0.mlp.fc2.weight', 'decoder_blocks.0.mlp.fc2.bias', 'decoder_blocks.1.norm1.weight', 'decoder_blocks.1.norm1.bias', 'decoder_blocks.1.attn.qkv.weight', 'decoder_blocks.1.attn.qkv.bias', 'decoder_blocks.1.attn.proj.weight', 'decoder_blocks.1.attn.proj.bias', 'decoder_blocks.1.norm2.weight', 'decoder_blocks.1.norm2.bias', 'decoder_blocks.1.mlp.fc1.weight', 'decoder_blocks.1.mlp.fc1.bias', 'decoder_blocks.1.mlp.fc2.weight', 'decoder_blocks.1.mlp.fc2.bias', 'decoder_blocks.2.norm1.weight', 'decoder_blocks.2.norm1.bias', 'decoder_blocks.2.attn.qkv.weight', 'decoder_blocks.2.attn.qkv.bias', 'decoder_blocks.2.attn.proj.weight', 'decoder_blocks.2.attn.proj.bias', 'decoder_blocks.2.norm2.weight', 'decoder_blocks.2.norm2.bias', 'decoder_blocks.2.mlp.fc1.weight', 'decoder_blocks.2.mlp.fc1.bias', 'decoder_blocks.2.mlp.fc2.weight', 'decoder_blocks.2.mlp.fc2.bias', 'decoder_blocks.3.norm1.weight', 'decoder_blocks.3.norm1.bias', 'decoder_blocks.3.attn.qkv.weight', 'decoder_blocks.3.attn.qkv.bias', 'decoder_blocks.3.attn.proj.weight', 'decoder_blocks.3.attn.proj.bias', 'decoder_blocks.3.norm2.weight', 'decoder_blocks.3.norm2.bias', 'decoder_blocks.3.mlp.fc1.weight', 'decoder_blocks.3.mlp.fc1.bias', 'decoder_blocks.3.mlp.fc2.weight', 'decoder_blocks.3.mlp.fc2.bias', 'decoder_blocks.4.norm1.weight', 'decoder_blocks.4.norm1.bias', 'decoder_blocks.4.attn.qkv.weight', 'decoder_blocks.4.attn.qkv.bias', 'decoder_blocks.4.attn.proj.weight', 'decoder_blocks.4.attn.proj.bias', 'decoder_blocks.4.norm2.weight', 'decoder_blocks.4.norm2.bias', 'decoder_blocks.4.mlp.fc1.weight', 'decoder_blocks.4.mlp.fc1.bias', 'decoder_blocks.4.mlp.fc2.weight', 'decoder_blocks.4.mlp.fc2.bias', 'decoder_blocks.5.norm1.weight', 'decoder_blocks.5.norm1.bias', 'decoder_blocks.5.attn.qkv.weight', 'decoder_blocks.5.attn.qkv.bias', 'decoder_blocks.5.attn.proj.weight', 'decoder_blocks.5.attn.proj.bias', 'decoder_blocks.5.norm2.weight', 'decoder_blocks.5.norm2.bias', 'decoder_blocks.5.mlp.fc1.weight', 'decoder_blocks.5.mlp.fc1.bias', 'decoder_blocks.5.mlp.fc2.weight', 'decoder_blocks.5.mlp.fc2.bias', 'decoder_blocks.6.norm1.weight', 'decoder_blocks.6.norm1.bias', 'decoder_blocks.6.attn.qkv.weight', 'decoder_blocks.6.attn.qkv.bias', 'decoder_blocks.6.attn.proj.weight', 'decoder_blocks.6.attn.proj.bias', 'decoder_blocks.6.norm2.weight', 'decoder_blocks.6.norm2.bias', 'decoder_blocks.6.mlp.fc1.weight', 'decoder_blocks.6.mlp.fc1.bias', 'decoder_blocks.6.mlp.fc2.weight', 'decoder_blocks.6.mlp.fc2.bias', 'decoder_blocks.7.norm1.weight', 'decoder_blocks.7.norm1.bias', 'decoder_blocks.7.attn.qkv.weight', 'decoder_blocks.7.attn.qkv.bias', 'decoder_blocks.7.attn.proj.weight', 'decoder_blocks.7.attn.proj.bias', 'decoder_blocks.7.norm2.weight', 'decoder_blocks.7.norm2.bias', 'decoder_blocks.7.mlp.fc1.weight', 'decoder_blocks.7.mlp.fc1.bias', 'decoder_blocks.7.mlp.fc2.weight', 'decoder_blocks.7.mlp.fc2.bias', 'decoder_norm.weight', 'decoder_norm.bias', 'decoder_pred.weight', 'decoder_pred.bias'])
Model = VisionTransformer(
  (patch_embed): PatchEmbed(
    (proj): Conv2d(3, 1024, kernel_size=(16, 16), stride=(16, 16))
    (norm): Identity()
  )
  (pos_drop): Dropout(p=0.0, inplace=False)
  (patch_drop): Identity()
  (norm_pre): Identity()
  (blocks): Sequential(
    (0): Block(
      (norm1): LayerNorm((1024,), eps=1e-06, elementwise_affine=True)
      (attn): Attention(
        (qkv): Linear(in_features=1024, out_features=3072, bias=True)
        (q_norm): Identity()
        (k_norm): Identity()
        (attn_drop): Dropout(p=0.0, inplace=False)
        (proj): Linear(in_features=1024, out_features=1024, bias=True)
        (proj_drop): Dropout(p=0.0, inplace=False)
      )
      (ls1): Identity()
      (drop_path1): Identity()
      (norm2): LayerNorm((1024,), eps=1e-06, elementwise_affine=True)
      (mlp): Mlp(
        (fc1): Linear(in_features=1024, out_features=4096, bias=True)
        (act): GELU(approximate='none')
        (drop1): Dropout(p=0.0, inplace=False)
        (norm): Identity()
        (fc2): Linear(in_features=4096, out_features=1024, bias=True)
        (drop2): Dropout(p=0.0, inplace=False)
      )
      (ls2): Identity()
      (drop_path2): Identity()
    )
    (1): Block(
      (norm1): LayerNorm((1024,), eps=1e-06, elementwise_affine=True)
      (attn): Attention(
        (qkv): Linear(in_features=1024, out_features=3072, bias=True)
        (q_norm): Identity()
        (k_norm): Identity()
        (attn_drop): Dropout(p=0.0, inplace=False)
        (proj): Linear(in_features=1024, out_features=1024, bias=True)
        (proj_drop): Dropout(p=0.0, inplace=False)
      )
      (ls1): Identity()
      (drop_path1): DropPath(drop_prob=0.004)
      (norm2): LayerNorm((1024,), eps=1e-06, elementwise_affine=True)
      (mlp): Mlp(
        (fc1): Linear(in_features=1024, out_features=4096, bias=True)
        (act): GELU(approximate='none')
        (drop1): Dropout(p=0.0, inplace=False)
        (norm): Identity()
        (fc2): Linear(in_features=4096, out_features=1024, bias=True)
        (drop2): Dropout(p=0.0, inplace=False)
      )
      (ls2): Identity()
      (drop_path2): DropPath(drop_prob=0.004)
    )
    (2): Block(
      (norm1): LayerNorm((1024,), eps=1e-06, elementwise_affine=True)
      (attn): Attention(
        (qkv): Linear(in_features=1024, out_features=3072, bias=True)
        (q_norm): Identity()
        (k_norm): Identity()
        (attn_drop): Dropout(p=0.0, inplace=False)
        (proj): Linear(in_features=1024, out_features=1024, bias=True)
        (proj_drop): Dropout(p=0.0, inplace=False)
      )
      (ls1): Identity()
      (drop_path1): DropPath(drop_prob=0.009)
      (norm2): LayerNorm((1024,), eps=1e-06, elementwise_affine=True)
      (mlp): Mlp(
        (fc1): Linear(in_features=1024, out_features=4096, bias=True)
        (act): GELU(approximate='none')
        (drop1): Dropout(p=0.0, inplace=False)
        (norm): Identity()
        (fc2): Linear(in_features=4096, out_features=1024, bias=True)
        (drop2): Dropout(p=0.0, inplace=False)
      )
      (ls2): Identity()
      (drop_path2): DropPath(drop_prob=0.009)
    )
    (3): Block(
      (norm1): LayerNorm((1024,), eps=1e-06, elementwise_affine=True)
      (attn): Attention(
        (qkv): Linear(in_features=1024, out_features=3072, bias=True)
        (q_norm): Identity()
        (k_norm): Identity()
        (attn_drop): Dropout(p=0.0, inplace=False)
        (proj): Linear(in_features=1024, out_features=1024, bias=True)
        (proj_drop): Dropout(p=0.0, inplace=False)
      )
      (ls1): Identity()
      (drop_path1): DropPath(drop_prob=0.013)
      (norm2): LayerNorm((1024,), eps=1e-06, elementwise_affine=True)
      (mlp): Mlp(
        (fc1): Linear(in_features=1024, out_features=4096, bias=True)
        (act): GELU(approximate='none')
        (drop1): Dropout(p=0.0, inplace=False)
        (norm): Identity()
        (fc2): Linear(in_features=4096, out_features=1024, bias=True)
        (drop2): Dropout(p=0.0, inplace=False)
      )
      (ls2): Identity()
      (drop_path2): DropPath(drop_prob=0.013)
    )
    (4): Block(
      (norm1): LayerNorm((1024,), eps=1e-06, elementwise_affine=True)
      (attn): Attention(
        (qkv): Linear(in_features=1024, out_features=3072, bias=True)
        (q_norm): Identity()
        (k_norm): Identity()
        (attn_drop): Dropout(p=0.0, inplace=False)
        (proj): Linear(in_features=1024, out_features=1024, bias=True)
        (proj_drop): Dropout(p=0.0, inplace=False)
      )
      (ls1): Identity()
      (drop_path1): DropPath(drop_prob=0.017)
      (norm2): LayerNorm((1024,), eps=1e-06, elementwise_affine=True)
      (mlp): Mlp(
        (fc1): Linear(in_features=1024, out_features=4096, bias=True)
        (act): GELU(approximate='none')
        (drop1): Dropout(p=0.0, inplace=False)
        (norm): Identity()
        (fc2): Linear(in_features=4096, out_features=1024, bias=True)
        (drop2): Dropout(p=0.0, inplace=False)
      )
      (ls2): Identity()
      (drop_path2): DropPath(drop_prob=0.017)
    )
    (5): Block(
      (norm1): LayerNorm((1024,), eps=1e-06, elementwise_affine=True)
      (attn): Attention(
        (qkv): Linear(in_features=1024, out_features=3072, bias=True)
        (q_norm): Identity()
        (k_norm): Identity()
        (attn_drop): Dropout(p=0.0, inplace=False)
        (proj): Linear(in_features=1024, out_features=1024, bias=True)
        (proj_drop): Dropout(p=0.0, inplace=False)
      )
      (ls1): Identity()
      (drop_path1): DropPath(drop_prob=0.022)
      (norm2): LayerNorm((1024,), eps=1e-06, elementwise_affine=True)
      (mlp): Mlp(
        (fc1): Linear(in_features=1024, out_features=4096, bias=True)
        (act): GELU(approximate='none')
        (drop1): Dropout(p=0.0, inplace=False)
        (norm): Identity()
        (fc2): Linear(in_features=4096, out_features=1024, bias=True)
        (drop2): Dropout(p=0.0, inplace=False)
      )
      (ls2): Identity()
      (drop_path2): DropPath(drop_prob=0.022)
    )
    (6): Block(
      (norm1): LayerNorm((1024,), eps=1e-06, elementwise_affine=True)
      (attn): Attention(
        (qkv): Linear(in_features=1024, out_features=3072, bias=True)
        (q_norm): Identity()
        (k_norm): Identity()
        (attn_drop): Dropout(p=0.0, inplace=False)
        (proj): Linear(in_features=1024, out_features=1024, bias=True)
        (proj_drop): Dropout(p=0.0, inplace=False)
      )
      (ls1): Identity()
      (drop_path1): DropPath(drop_prob=0.026)
      (norm2): LayerNorm((1024,), eps=1e-06, elementwise_affine=True)
      (mlp): Mlp(
        (fc1): Linear(in_features=1024, out_features=4096, bias=True)
        (act): GELU(approximate='none')
        (drop1): Dropout(p=0.0, inplace=False)
        (norm): Identity()
        (fc2): Linear(in_features=4096, out_features=1024, bias=True)
        (drop2): Dropout(p=0.0, inplace=False)
      )
      (ls2): Identity()
      (drop_path2): DropPath(drop_prob=0.026)
    )
    (7): Block(
      (norm1): LayerNorm((1024,), eps=1e-06, elementwise_affine=True)
      (attn): Attention(
        (qkv): Linear(in_features=1024, out_features=3072, bias=True)
        (q_norm): Identity()
        (k_norm): Identity()
        (attn_drop): Dropout(p=0.0, inplace=False)
        (proj): Linear(in_features=1024, out_features=1024, bias=True)
        (proj_drop): Dropout(p=0.0, inplace=False)
      )
      (ls1): Identity()
      (drop_path1): DropPath(drop_prob=0.030)
      (norm2): LayerNorm((1024,), eps=1e-06, elementwise_affine=True)
      (mlp): Mlp(
        (fc1): Linear(in_features=1024, out_features=4096, bias=True)
        (act): GELU(approximate='none')
        (drop1): Dropout(p=0.0, inplace=False)
        (norm): Identity()
        (fc2): Linear(in_features=4096, out_features=1024, bias=True)
        (drop2): Dropout(p=0.0, inplace=False)
      )
      (ls2): Identity()
      (drop_path2): DropPath(drop_prob=0.030)
    )
    (8): Block(
      (norm1): LayerNorm((1024,), eps=1e-06, elementwise_affine=True)
      (attn): Attention(
        (qkv): Linear(in_features=1024, out_features=3072, bias=True)
        (q_norm): Identity()
        (k_norm): Identity()
        (attn_drop): Dropout(p=0.0, inplace=False)
        (proj): Linear(in_features=1024, out_features=1024, bias=True)
        (proj_drop): Dropout(p=0.0, inplace=False)
      )
      (ls1): Identity()
      (drop_path1): DropPath(drop_prob=0.035)
      (norm2): LayerNorm((1024,), eps=1e-06, elementwise_affine=True)
      (mlp): Mlp(
        (fc1): Linear(in_features=1024, out_features=4096, bias=True)
        (act): GELU(approximate='none')
        (drop1): Dropout(p=0.0, inplace=False)
        (norm): Identity()
        (fc2): Linear(in_features=4096, out_features=1024, bias=True)
        (drop2): Dropout(p=0.0, inplace=False)
      )
      (ls2): Identity()
      (drop_path2): DropPath(drop_prob=0.035)
    )
    (9): Block(
      (norm1): LayerNorm((1024,), eps=1e-06, elementwise_affine=True)
      (attn): Attention(
        (qkv): Linear(in_features=1024, out_features=3072, bias=True)
        (q_norm): Identity()
        (k_norm): Identity()
        (attn_drop): Dropout(p=0.0, inplace=False)
        (proj): Linear(in_features=1024, out_features=1024, bias=True)
        (proj_drop): Dropout(p=0.0, inplace=False)
      )
      (ls1): Identity()
      (drop_path1): DropPath(drop_prob=0.039)
      (norm2): LayerNorm((1024,), eps=1e-06, elementwise_affine=True)
      (mlp): Mlp(
        (fc1): Linear(in_features=1024, out_features=4096, bias=True)
        (act): GELU(approximate='none')
        (drop1): Dropout(p=0.0, inplace=False)
        (norm): Identity()
        (fc2): Linear(in_features=4096, out_features=1024, bias=True)
        (drop2): Dropout(p=0.0, inplace=False)
      )
      (ls2): Identity()
      (drop_path2): DropPath(drop_prob=0.039)
    )
    (10): Block(
      (norm1): LayerNorm((1024,), eps=1e-06, elementwise_affine=True)
      (attn): Attention(
        (qkv): Linear(in_features=1024, out_features=3072, bias=True)
        (q_norm): Identity()
        (k_norm): Identity()
        (attn_drop): Dropout(p=0.0, inplace=False)
        (proj): Linear(in_features=1024, out_features=1024, bias=True)
        (proj_drop): Dropout(p=0.0, inplace=False)
      )
      (ls1): Identity()
      (drop_path1): DropPath(drop_prob=0.043)
      (norm2): LayerNorm((1024,), eps=1e-06, elementwise_affine=True)
      (mlp): Mlp(
        (fc1): Linear(in_features=1024, out_features=4096, bias=True)
        (act): GELU(approximate='none')
        (drop1): Dropout(p=0.0, inplace=False)
        (norm): Identity()
        (fc2): Linear(in_features=4096, out_features=1024, bias=True)
        (drop2): Dropout(p=0.0, inplace=False)
      )
      (ls2): Identity()
      (drop_path2): DropPath(drop_prob=0.043)
    )
    (11): Block(
      (norm1): LayerNorm((1024,), eps=1e-06, elementwise_affine=True)
      (attn): Attention(
        (qkv): Linear(in_features=1024, out_features=3072, bias=True)
        (q_norm): Identity()
        (k_norm): Identity()
        (attn_drop): Dropout(p=0.0, inplace=False)
        (proj): Linear(in_features=1024, out_features=1024, bias=True)
        (proj_drop): Dropout(p=0.0, inplace=False)
      )
      (ls1): Identity()
      (drop_path1): DropPath(drop_prob=0.048)
      (norm2): LayerNorm((1024,), eps=1e-06, elementwise_affine=True)
      (mlp): Mlp(
        (fc1): Linear(in_features=1024, out_features=4096, bias=True)
        (act): GELU(approximate='none')
        (drop1): Dropout(p=0.0, inplace=False)
        (norm): Identity()
        (fc2): Linear(in_features=4096, out_features=1024, bias=True)
        (drop2): Dropout(p=0.0, inplace=False)
      )
      (ls2): Identity()
      (drop_path2): DropPath(drop_prob=0.048)
    )
    (12): Block(
      (norm1): LayerNorm((1024,), eps=1e-06, elementwise_affine=True)
      (attn): Attention(
        (qkv): Linear(in_features=1024, out_features=3072, bias=True)
        (q_norm): Identity()
        (k_norm): Identity()
        (attn_drop): Dropout(p=0.0, inplace=False)
        (proj): Linear(in_features=1024, out_features=1024, bias=True)
        (proj_drop): Dropout(p=0.0, inplace=False)
      )
      (ls1): Identity()
      (drop_path1): DropPath(drop_prob=0.052)
      (norm2): LayerNorm((1024,), eps=1e-06, elementwise_affine=True)
      (mlp): Mlp(
        (fc1): Linear(in_features=1024, out_features=4096, bias=True)
        (act): GELU(approximate='none')
        (drop1): Dropout(p=0.0, inplace=False)
        (norm): Identity()
        (fc2): Linear(in_features=4096, out_features=1024, bias=True)
        (drop2): Dropout(p=0.0, inplace=False)
      )
      (ls2): Identity()
      (drop_path2): DropPath(drop_prob=0.052)
    )
    (13): Block(
      (norm1): LayerNorm((1024,), eps=1e-06, elementwise_affine=True)
      (attn): Attention(
        (qkv): Linear(in_features=1024, out_features=3072, bias=True)
        (q_norm): Identity()
        (k_norm): Identity()
        (attn_drop): Dropout(p=0.0, inplace=False)
        (proj): Linear(in_features=1024, out_features=1024, bias=True)
        (proj_drop): Dropout(p=0.0, inplace=False)
      )
      (ls1): Identity()
      (drop_path1): DropPath(drop_prob=0.057)
      (norm2): LayerNorm((1024,), eps=1e-06, elementwise_affine=True)
      (mlp): Mlp(
        (fc1): Linear(in_features=1024, out_features=4096, bias=True)
        (act): GELU(approximate='none')
        (drop1): Dropout(p=0.0, inplace=False)
        (norm): Identity()
        (fc2): Linear(in_features=4096, out_features=1024, bias=True)
        (drop2): Dropout(p=0.0, inplace=False)
      )
      (ls2): Identity()
      (drop_path2): DropPath(drop_prob=0.057)
    )
    (14): Block(
      (norm1): LayerNorm((1024,), eps=1e-06, elementwise_affine=True)
      (attn): Attention(
        (qkv): Linear(in_features=1024, out_features=3072, bias=True)
        (q_norm): Identity()
        (k_norm): Identity()
        (attn_drop): Dropout(p=0.0, inplace=False)
        (proj): Linear(in_features=1024, out_features=1024, bias=True)
        (proj_drop): Dropout(p=0.0, inplace=False)
      )
      (ls1): Identity()
      (drop_path1): DropPath(drop_prob=0.061)
      (norm2): LayerNorm((1024,), eps=1e-06, elementwise_affine=True)
      (mlp): Mlp(
        (fc1): Linear(in_features=1024, out_features=4096, bias=True)
        (act): GELU(approximate='none')
        (drop1): Dropout(p=0.0, inplace=False)
        (norm): Identity()
        (fc2): Linear(in_features=4096, out_features=1024, bias=True)
        (drop2): Dropout(p=0.0, inplace=False)
      )
      (ls2): Identity()
      (drop_path2): DropPath(drop_prob=0.061)
    )
    (15): Block(
      (norm1): LayerNorm((1024,), eps=1e-06, elementwise_affine=True)
      (attn): Attention(
        (qkv): Linear(in_features=1024, out_features=3072, bias=True)
        (q_norm): Identity()
        (k_norm): Identity()
        (attn_drop): Dropout(p=0.0, inplace=False)
        (proj): Linear(in_features=1024, out_features=1024, bias=True)
        (proj_drop): Dropout(p=0.0, inplace=False)
      )
      (ls1): Identity()
      (drop_path1): DropPath(drop_prob=0.065)
      (norm2): LayerNorm((1024,), eps=1e-06, elementwise_affine=True)
      (mlp): Mlp(
        (fc1): Linear(in_features=1024, out_features=4096, bias=True)
        (act): GELU(approximate='none')
        (drop1): Dropout(p=0.0, inplace=False)
        (norm): Identity()
        (fc2): Linear(in_features=4096, out_features=1024, bias=True)
        (drop2): Dropout(p=0.0, inplace=False)
      )
      (ls2): Identity()
      (drop_path2): DropPath(drop_prob=0.065)
    )
    (16): Block(
      (norm1): LayerNorm((1024,), eps=1e-06, elementwise_affine=True)
      (attn): Attention(
        (qkv): Linear(in_features=1024, out_features=3072, bias=True)
        (q_norm): Identity()
        (k_norm): Identity()
        (attn_drop): Dropout(p=0.0, inplace=False)
        (proj): Linear(in_features=1024, out_features=1024, bias=True)
        (proj_drop): Dropout(p=0.0, inplace=False)
      )
      (ls1): Identity()
      (drop_path1): DropPath(drop_prob=0.070)
      (norm2): LayerNorm((1024,), eps=1e-06, elementwise_affine=True)
      (mlp): Mlp(
        (fc1): Linear(in_features=1024, out_features=4096, bias=True)
        (act): GELU(approximate='none')
        (drop1): Dropout(p=0.0, inplace=False)
        (norm): Identity()
        (fc2): Linear(in_features=4096, out_features=1024, bias=True)
        (drop2): Dropout(p=0.0, inplace=False)
      )
      (ls2): Identity()
      (drop_path2): DropPath(drop_prob=0.070)
    )
    (17): Block(
      (norm1): LayerNorm((1024,), eps=1e-06, elementwise_affine=True)
      (attn): Attention(
        (qkv): Linear(in_features=1024, out_features=3072, bias=True)
        (q_norm): Identity()
        (k_norm): Identity()
        (attn_drop): Dropout(p=0.0, inplace=False)
        (proj): Linear(in_features=1024, out_features=1024, bias=True)
        (proj_drop): Dropout(p=0.0, inplace=False)
      )
      (ls1): Identity()
      (drop_path1): DropPath(drop_prob=0.074)
      (norm2): LayerNorm((1024,), eps=1e-06, elementwise_affine=True)
      (mlp): Mlp(
        (fc1): Linear(in_features=1024, out_features=4096, bias=True)
        (act): GELU(approximate='none')
        (drop1): Dropout(p=0.0, inplace=False)
        (norm): Identity()
        (fc2): Linear(in_features=4096, out_features=1024, bias=True)
        (drop2): Dropout(p=0.0, inplace=False)
      )
      (ls2): Identity()
      (drop_path2): DropPath(drop_prob=0.074)
    )
    (18): Block(
      (norm1): LayerNorm((1024,), eps=1e-06, elementwise_affine=True)
      (attn): Attention(
        (qkv): Linear(in_features=1024, out_features=3072, bias=True)
        (q_norm): Identity()
        (k_norm): Identity()
        (attn_drop): Dropout(p=0.0, inplace=False)
        (proj): Linear(in_features=1024, out_features=1024, bias=True)
        (proj_drop): Dropout(p=0.0, inplace=False)
      )
      (ls1): Identity()
      (drop_path1): DropPath(drop_prob=0.078)
      (norm2): LayerNorm((1024,), eps=1e-06, elementwise_affine=True)
      (mlp): Mlp(
        (fc1): Linear(in_features=1024, out_features=4096, bias=True)
        (act): GELU(approximate='none')
        (drop1): Dropout(p=0.0, inplace=False)
        (norm): Identity()
        (fc2): Linear(in_features=4096, out_features=1024, bias=True)
        (drop2): Dropout(p=0.0, inplace=False)
      )
      (ls2): Identity()
      (drop_path2): DropPath(drop_prob=0.078)
    )
    (19): Block(
      (norm1): LayerNorm((1024,), eps=1e-06, elementwise_affine=True)
      (attn): Attention(
        (qkv): Linear(in_features=1024, out_features=3072, bias=True)
        (q_norm): Identity()
        (k_norm): Identity()
        (attn_drop): Dropout(p=0.0, inplace=False)
        (proj): Linear(in_features=1024, out_features=1024, bias=True)
        (proj_drop): Dropout(p=0.0, inplace=False)
      )
      (ls1): Identity()
      (drop_path1): DropPath(drop_prob=0.083)
      (norm2): LayerNorm((1024,), eps=1e-06, elementwise_affine=True)
      (mlp): Mlp(
        (fc1): Linear(in_features=1024, out_features=4096, bias=True)
        (act): GELU(approximate='none')
        (drop1): Dropout(p=0.0, inplace=False)
        (norm): Identity()
        (fc2): Linear(in_features=4096, out_features=1024, bias=True)
        (drop2): Dropout(p=0.0, inplace=False)
      )
      (ls2): Identity()
      (drop_path2): DropPath(drop_prob=0.083)
    )
    (20): Block(
      (norm1): LayerNorm((1024,), eps=1e-06, elementwise_affine=True)
      (attn): Attention(
        (qkv): Linear(in_features=1024, out_features=3072, bias=True)
        (q_norm): Identity()
        (k_norm): Identity()
        (attn_drop): Dropout(p=0.0, inplace=False)
        (proj): Linear(in_features=1024, out_features=1024, bias=True)
        (proj_drop): Dropout(p=0.0, inplace=False)
      )
      (ls1): Identity()
      (drop_path1): DropPath(drop_prob=0.087)
      (norm2): LayerNorm((1024,), eps=1e-06, elementwise_affine=True)
      (mlp): Mlp(
        (fc1): Linear(in_features=1024, out_features=4096, bias=True)
        (act): GELU(approximate='none')
        (drop1): Dropout(p=0.0, inplace=False)
        (norm): Identity()
        (fc2): Linear(in_features=4096, out_features=1024, bias=True)
        (drop2): Dropout(p=0.0, inplace=False)
      )
      (ls2): Identity()
      (drop_path2): DropPath(drop_prob=0.087)
    )
    (21): Block(
      (norm1): LayerNorm((1024,), eps=1e-06, elementwise_affine=True)
      (attn): Attention(
        (qkv): Linear(in_features=1024, out_features=3072, bias=True)
        (q_norm): Identity()
        (k_norm): Identity()
        (attn_drop): Dropout(p=0.0, inplace=False)
        (proj): Linear(in_features=1024, out_features=1024, bias=True)
        (proj_drop): Dropout(p=0.0, inplace=False)
      )
      (ls1): Identity()
      (drop_path1): DropPath(drop_prob=0.091)
      (norm2): LayerNorm((1024,), eps=1e-06, elementwise_affine=True)
      (mlp): Mlp(
        (fc1): Linear(in_features=1024, out_features=4096, bias=True)
        (act): GELU(approximate='none')
        (drop1): Dropout(p=0.0, inplace=False)
        (norm): Identity()
        (fc2): Linear(in_features=4096, out_features=1024, bias=True)
        (drop2): Dropout(p=0.0, inplace=False)
      )
      (ls2): Identity()
      (drop_path2): DropPath(drop_prob=0.091)
    )
    (22): Block(
      (norm1): LayerNorm((1024,), eps=1e-06, elementwise_affine=True)
      (attn): Attention(
        (qkv): Linear(in_features=1024, out_features=3072, bias=True)
        (q_norm): Identity()
        (k_norm): Identity()
        (attn_drop): Dropout(p=0.0, inplace=False)
        (proj): Linear(in_features=1024, out_features=1024, bias=True)
        (proj_drop): Dropout(p=0.0, inplace=False)
      )
      (ls1): Identity()
      (drop_path1): DropPath(drop_prob=0.096)
      (norm2): LayerNorm((1024,), eps=1e-06, elementwise_affine=True)
      (mlp): Mlp(
        (fc1): Linear(in_features=1024, out_features=4096, bias=True)
        (act): GELU(approximate='none')
        (drop1): Dropout(p=0.0, inplace=False)
        (norm): Identity()
        (fc2): Linear(in_features=4096, out_features=1024, bias=True)
        (drop2): Dropout(p=0.0, inplace=False)
      )
      (ls2): Identity()
      (drop_path2): DropPath(drop_prob=0.096)
    )
    (23): Block(
      (norm1): LayerNorm((1024,), eps=1e-06, elementwise_affine=True)
      (attn): Attention(
        (qkv): Linear(in_features=1024, out_features=3072, bias=True)
        (q_norm): Identity()
        (k_norm): Identity()
        (attn_drop): Dropout(p=0.0, inplace=False)
        (proj): Linear(in_features=1024, out_features=1024, bias=True)
        (proj_drop): Dropout(p=0.0, inplace=False)
      )
      (ls1): Identity()
      (drop_path1): DropPath(drop_prob=0.100)
      (norm2): LayerNorm((1024,), eps=1e-06, elementwise_affine=True)
      (mlp): Mlp(
        (fc1): Linear(in_features=1024, out_features=4096, bias=True)
        (act): GELU(approximate='none')
        (drop1): Dropout(p=0.0, inplace=False)
        (norm): Identity()
        (fc2): Linear(in_features=4096, out_features=1024, bias=True)
        (drop2): Dropout(p=0.0, inplace=False)
      )
      (ls2): Identity()
      (drop_path2): DropPath(drop_prob=0.100)
    )
  )
  (norm): LayerNorm((1024,), eps=1e-06, elementwise_affine=True)
  (fc_norm): Identity()
  (head_drop): Dropout(p=0.0, inplace=False)
  (head): Linear(in_features=1024, out_features=2, bias=True)
)
number of params (M): 304151554.00
base lr: 1.00e-03
actual lr: 1.09e-04
AdamW (
Parameter Group 0
    amsgrad: False
    betas: (0.9, 0.999)
    capturable: False
    decoupled_weight_decay: True
    differentiable: False
    eps: 1e-08
    foreach: None
    fused: None
    lr: 0.000109375
    lr_scale: 0.0007525434581650003
    maximize: False
    weight_decay: 0.0

Parameter Group 1
    amsgrad: False
    betas: (0.9, 0.999)
    capturable: False
    decoupled_weight_decay: True
    differentiable: False
    eps: 1e-08
    foreach: None
    fused: None
    lr: 0.000109375
    lr_scale: 0.0007525434581650003
    maximize: False
    weight_decay: 0.05

Parameter Group 2
    amsgrad: False
    betas: (0.9, 0.999)
    capturable: False
    decoupled_weight_decay: True
    differentiable: False
    eps: 1e-08
    foreach: None
    fused: None
    lr: 0.000109375
    lr_scale: 0.0010033912775533338
    maximize: False
    weight_decay: 0.0

Parameter Group 3
    amsgrad: False
    betas: (0.9, 0.999)
    capturable: False
    decoupled_weight_decay: True
    differentiable: False
    eps: 1e-08
    foreach: None
    fused: None
    lr: 0.000109375
    lr_scale: 0.0010033912775533338
    maximize: False
    weight_decay: 0.05

Parameter Group 4
    amsgrad: False
    betas: (0.9, 0.999)
    capturable: False
    decoupled_weight_decay: True
    differentiable: False
    eps: 1e-08
    foreach: None
    fused: None
    lr: 0.000109375
    lr_scale: 0.0013378550367377784
    maximize: False
    weight_decay: 0.0

Parameter Group 5
    amsgrad: False
    betas: (0.9, 0.999)
    capturable: False
    decoupled_weight_decay: True
    differentiable: False
    eps: 1e-08
    foreach: None
    fused: None
    lr: 0.000109375
    lr_scale: 0.0013378550367377784
    maximize: False
    weight_decay: 0.05

Parameter Group 6
    amsgrad: False
    betas: (0.9, 0.999)
    capturable: False
    decoupled_weight_decay: True
    differentiable: False
    eps: 1e-08
    foreach: None
    fused: None
    lr: 0.000109375
    lr_scale: 0.0017838067156503712
    maximize: False
    weight_decay: 0.0

Parameter Group 7
    amsgrad: False
    betas: (0.9, 0.999)
    capturable: False
    decoupled_weight_decay: True
    differentiable: False
    eps: 1e-08
    foreach: None
    fused: None
    lr: 0.000109375
    lr_scale: 0.0017838067156503712
    maximize: False
    weight_decay: 0.05

Parameter Group 8
    amsgrad: False
    betas: (0.9, 0.999)
    capturable: False
    decoupled_weight_decay: True
    differentiable: False
    eps: 1e-08
    foreach: None
    fused: None
    lr: 0.000109375
    lr_scale: 0.002378408954200495
    maximize: False
    weight_decay: 0.0

Parameter Group 9
    amsgrad: False
    betas: (0.9, 0.999)
    capturable: False
    decoupled_weight_decay: True
    differentiable: False
    eps: 1e-08
    foreach: None
    fused: None
    lr: 0.000109375
    lr_scale: 0.002378408954200495
    maximize: False
    weight_decay: 0.05

Parameter Group 10
    amsgrad: False
    betas: (0.9, 0.999)
    capturable: False
    decoupled_weight_decay: True
    differentiable: False
    eps: 1e-08
    foreach: None
    fused: None
    lr: 0.000109375
    lr_scale: 0.0031712119389339932
    maximize: False
    weight_decay: 0.0

Parameter Group 11
    amsgrad: False
    betas: (0.9, 0.999)
    capturable: False
    decoupled_weight_decay: True
    differentiable: False
    eps: 1e-08
    foreach: None
    fused: None
    lr: 0.000109375
    lr_scale: 0.0031712119389339932
    maximize: False
    weight_decay: 0.05

Parameter Group 12
    amsgrad: False
    betas: (0.9, 0.999)
    capturable: False
    decoupled_weight_decay: True
    differentiable: False
    eps: 1e-08
    foreach: None
    fused: None
    lr: 0.000109375
    lr_scale: 0.004228282585245324
    maximize: False
    weight_decay: 0.0

Parameter Group 13
    amsgrad: False
    betas: (0.9, 0.999)
    capturable: False
    decoupled_weight_decay: True
    differentiable: False
    eps: 1e-08
    foreach: None
    fused: None
    lr: 0.000109375
    lr_scale: 0.004228282585245324
    maximize: False
    weight_decay: 0.05

Parameter Group 14
    amsgrad: False
    betas: (0.9, 0.999)
    capturable: False
    decoupled_weight_decay: True
    differentiable: False
    eps: 1e-08
    foreach: None
    fused: None
    lr: 0.000109375
    lr_scale: 0.005637710113660432
    maximize: False
    weight_decay: 0.0

Parameter Group 15
    amsgrad: False
    betas: (0.9, 0.999)
    capturable: False
    decoupled_weight_decay: True
    differentiable: False
    eps: 1e-08
    foreach: None
    fused: None
    lr: 0.000109375
    lr_scale: 0.005637710113660432
    maximize: False
    weight_decay: 0.05

Parameter Group 16
    amsgrad: False
    betas: (0.9, 0.999)
    capturable: False
    decoupled_weight_decay: True
    differentiable: False
    eps: 1e-08
    foreach: None
    fused: None
    lr: 0.000109375
    lr_scale: 0.00751694681821391
    maximize: False
    weight_decay: 0.0

Parameter Group 17
    amsgrad: False
    betas: (0.9, 0.999)
    capturable: False
    decoupled_weight_decay: True
    differentiable: False
    eps: 1e-08
    foreach: None
    fused: None
    lr: 0.000109375
    lr_scale: 0.00751694681821391
    maximize: False
    weight_decay: 0.05

Parameter Group 18
    amsgrad: False
    betas: (0.9, 0.999)
    capturable: False
    decoupled_weight_decay: True
    differentiable: False
    eps: 1e-08
    foreach: None
    fused: None
    lr: 0.000109375
    lr_scale: 0.010022595757618546
    maximize: False
    weight_decay: 0.0

Parameter Group 19
    amsgrad: False
    betas: (0.9, 0.999)
    capturable: False
    decoupled_weight_decay: True
    differentiable: False
    eps: 1e-08
    foreach: None
    fused: None
    lr: 0.000109375
    lr_scale: 0.010022595757618546
    maximize: False
    weight_decay: 0.05

Parameter Group 20
    amsgrad: False
    betas: (0.9, 0.999)
    capturable: False
    decoupled_weight_decay: True
    differentiable: False
    eps: 1e-08
    foreach: None
    fused: None
    lr: 0.000109375
    lr_scale: 0.013363461010158062
    maximize: False
    weight_decay: 0.0

Parameter Group 21
    amsgrad: False
    betas: (0.9, 0.999)
    capturable: False
    decoupled_weight_decay: True
    differentiable: False
    eps: 1e-08
    foreach: None
    fused: None
    lr: 0.000109375
    lr_scale: 0.013363461010158062
    maximize: False
    weight_decay: 0.05

Parameter Group 22
    amsgrad: False
    betas: (0.9, 0.999)
    capturable: False
    decoupled_weight_decay: True
    differentiable: False
    eps: 1e-08
    foreach: None
    fused: None
    lr: 0.000109375
    lr_scale: 0.017817948013544083
    maximize: False
    weight_decay: 0.0

Parameter Group 23
    amsgrad: False
    betas: (0.9, 0.999)
    capturable: False
    decoupled_weight_decay: True
    differentiable: False
    eps: 1e-08
    foreach: None
    fused: None
    lr: 0.000109375
    lr_scale: 0.017817948013544083
    maximize: False
    weight_decay: 0.05

Parameter Group 24
    amsgrad: False
    betas: (0.9, 0.999)
    capturable: False
    decoupled_weight_decay: True
    differentiable: False
    eps: 1e-08
    foreach: None
    fused: None
    lr: 0.000109375
    lr_scale: 0.023757264018058777
    maximize: False
    weight_decay: 0.0

Parameter Group 25
    amsgrad: False
    betas: (0.9, 0.999)
    capturable: False
    decoupled_weight_decay: True
    differentiable: False
    eps: 1e-08
    foreach: None
    fused: None
    lr: 0.000109375
    lr_scale: 0.023757264018058777
    maximize: False
    weight_decay: 0.05

Parameter Group 26
    amsgrad: False
    betas: (0.9, 0.999)
    capturable: False
    decoupled_weight_decay: True
    differentiable: False
    eps: 1e-08
    foreach: None
    fused: None
    lr: 0.000109375
    lr_scale: 0.03167635202407837
    maximize: False
    weight_decay: 0.0

Parameter Group 27
    amsgrad: False
    betas: (0.9, 0.999)
    capturable: False
    decoupled_weight_decay: True
    differentiable: False
    eps: 1e-08
    foreach: None
    fused: None
    lr: 0.000109375
    lr_scale: 0.03167635202407837
    maximize: False
    weight_decay: 0.05

Parameter Group 28
    amsgrad: False
    betas: (0.9, 0.999)
    capturable: False
    decoupled_weight_decay: True
    differentiable: False
    eps: 1e-08
    foreach: None
    fused: None
    lr: 0.000109375
    lr_scale: 0.04223513603210449
    maximize: False
    weight_decay: 0.0

Parameter Group 29
    amsgrad: False
    betas: (0.9, 0.999)
    capturable: False
    decoupled_weight_decay: True
    differentiable: False
    eps: 1e-08
    foreach: None
    fused: None
    lr: 0.000109375
    lr_scale: 0.04223513603210449
    maximize: False
    weight_decay: 0.05

Parameter Group 30
    amsgrad: False
    betas: (0.9, 0.999)
    capturable: False
    decoupled_weight_decay: True
    differentiable: False
    eps: 1e-08
    foreach: None
    fused: None
    lr: 0.000109375
    lr_scale: 0.056313514709472656
    maximize: False
    weight_decay: 0.0

Parameter Group 31
    amsgrad: False
    betas: (0.9, 0.999)
    capturable: False
    decoupled_weight_decay: True
    differentiable: False
    eps: 1e-08
    foreach: None
    fused: None
    lr: 0.000109375
    lr_scale: 0.056313514709472656
    maximize: False
    weight_decay: 0.05

Parameter Group 32
    amsgrad: False
    betas: (0.9, 0.999)
    capturable: False
    decoupled_weight_decay: True
    differentiable: False
    eps: 1e-08
    foreach: None
    fused: None
    lr: 0.000109375
    lr_scale: 0.07508468627929688
    maximize: False
    weight_decay: 0.0

Parameter Group 33
    amsgrad: False
    betas: (0.9, 0.999)
    capturable: False
    decoupled_weight_decay: True
    differentiable: False
    eps: 1e-08
    foreach: None
    fused: None
    lr: 0.000109375
    lr_scale: 0.07508468627929688
    maximize: False
    weight_decay: 0.05

Parameter Group 34
    amsgrad: False
    betas: (0.9, 0.999)
    capturable: False
    decoupled_weight_decay: True
    differentiable: False
    eps: 1e-08
    foreach: None
    fused: None
    lr: 0.000109375
    lr_scale: 0.1001129150390625
    maximize: False
    weight_decay: 0.0

Parameter Group 35
    amsgrad: False
    betas: (0.9, 0.999)
    capturable: False
    decoupled_weight_decay: True
    differentiable: False
    eps: 1e-08
    foreach: None
    fused: None
    lr: 0.000109375
    lr_scale: 0.1001129150390625
    maximize: False
    weight_decay: 0.05

Parameter Group 36
    amsgrad: False
    betas: (0.9, 0.999)
    capturable: False
    decoupled_weight_decay: True
    differentiable: False
    eps: 1e-08
    foreach: None
    fused: None
    lr: 0.000109375
    lr_scale: 0.13348388671875
    maximize: False
    weight_decay: 0.0

Parameter Group 37
    amsgrad: False
    betas: (0.9, 0.999)
    capturable: False
    decoupled_weight_decay: True
    differentiable: False
    eps: 1e-08
    foreach: None
    fused: None
    lr: 0.000109375
    lr_scale: 0.13348388671875
    maximize: False
    weight_decay: 0.05

Parameter Group 38
    amsgrad: False
    betas: (0.9, 0.999)
    capturable: False
    decoupled_weight_decay: True
    differentiable: False
    eps: 1e-08
    foreach: None
    fused: None
    lr: 0.000109375
    lr_scale: 0.177978515625
    maximize: False
    weight_decay: 0.0

Parameter Group 39
    amsgrad: False
    betas: (0.9, 0.999)
    capturable: False
    decoupled_weight_decay: True
    differentiable: False
    eps: 1e-08
    foreach: None
    fused: None
    lr: 0.000109375
    lr_scale: 0.177978515625
    maximize: False
    weight_decay: 0.05

Parameter Group 40
    amsgrad: False
    betas: (0.9, 0.999)
    capturable: False
    decoupled_weight_decay: True
    differentiable: False
    eps: 1e-08
    foreach: None
    fused: None
    lr: 0.000109375
    lr_scale: 0.2373046875
    maximize: False
    weight_decay: 0.0

Parameter Group 41
    amsgrad: False
    betas: (0.9, 0.999)
    capturable: False
    decoupled_weight_decay: True
    differentiable: False
    eps: 1e-08
    foreach: None
    fused: None
    lr: 0.000109375
    lr_scale: 0.2373046875
    maximize: False
    weight_decay: 0.05

Parameter Group 42
    amsgrad: False
    betas: (0.9, 0.999)
    capturable: False
    decoupled_weight_decay: True
    differentiable: False
    eps: 1e-08
    foreach: None
    fused: None
    lr: 0.000109375
    lr_scale: 0.31640625
    maximize: False
    weight_decay: 0.0

Parameter Group 43
    amsgrad: False
    betas: (0.9, 0.999)
    capturable: False
    decoupled_weight_decay: True
    differentiable: False
    eps: 1e-08
    foreach: None
    fused: None
    lr: 0.000109375
    lr_scale: 0.31640625
    maximize: False
    weight_decay: 0.05

Parameter Group 44
    amsgrad: False
    betas: (0.9, 0.999)
    capturable: False
    decoupled_weight_decay: True
    differentiable: False
    eps: 1e-08
    foreach: None
    fused: None
    lr: 0.000109375
    lr_scale: 0.421875
    maximize: False
    weight_decay: 0.0

Parameter Group 45
    amsgrad: False
    betas: (0.9, 0.999)
    capturable: False
    decoupled_weight_decay: True
    differentiable: False
    eps: 1e-08
    foreach: None
    fused: None
    lr: 0.000109375
    lr_scale: 0.421875
    maximize: False
    weight_decay: 0.05

Parameter Group 46
    amsgrad: False
    betas: (0.9, 0.999)
    capturable: False
    decoupled_weight_decay: True
    differentiable: False
    eps: 1e-08
    foreach: None
    fused: None
    lr: 0.000109375
    lr_scale: 0.5625
    maximize: False
    weight_decay: 0.0

Parameter Group 47
    amsgrad: False
    betas: (0.9, 0.999)
    capturable: False
    decoupled_weight_decay: True
    differentiable: False
    eps: 1e-08
    foreach: None
    fused: None
    lr: 0.000109375
    lr_scale: 0.5625
    maximize: False
    weight_decay: 0.05

Parameter Group 48
    amsgrad: False
    betas: (0.9, 0.999)
    capturable: False
    decoupled_weight_decay: True
    differentiable: False
    eps: 1e-08
    foreach: None
    fused: None
    lr: 0.000109375
    lr_scale: 0.75
    maximize: False
    weight_decay: 0.0

Parameter Group 49
    amsgrad: False
    betas: (0.9, 0.999)
    capturable: False
    decoupled_weight_decay: True
    differentiable: False
    eps: 1e-08
    foreach: None
    fused: None
    lr: 0.000109375
    lr_scale: 0.75
    maximize: False
    weight_decay: 0.05

Parameter Group 50
    amsgrad: False
    betas: (0.9, 0.999)
    capturable: False
    decoupled_weight_decay: True
    differentiable: False
    eps: 1e-08
    foreach: None
    fused: None
    lr: 0.000109375
    lr_scale: 1.0
    maximize: False
    weight_decay: 0.0

Parameter Group 51
    amsgrad: False
    betas: (0.9, 0.999)
    capturable: False
    decoupled_weight_decay: True
    differentiable: False
    eps: 1e-08
    foreach: None
    fused: None
    lr: 0.000109375
    lr_scale: 1.0
    maximize: False
    weight_decay: 0.05
)
Starting MAE end to end finetuning training for 50 epochs
Epoch 0/50, Train Epoch Loss is 0.6931447305797059, end of epoch LR is 0.0
Train F1 score (Non Deformation):  tensor(0.6663, device='cuda:0')
Train F1 score (Deformation):  tensor(0., device='cuda:0')
{'Epoch': 0, 'train_loss': 0.6931447305797059, 'end_of_epoch_lr': 0.0, 'Train MulticlassF1Score Class: Non Deformation': tensor(0.6663, device='cuda:0'), 'Train MulticlassF1Score Class: Deformation': tensor(0., device='cuda:0')}
Val Epoch Loss is 0.692609990015626
Val Acc (Non Deformation):  tensor(1., device='cuda:0')
Val Acc (Deformation):  tensor(0., device='cuda:0')
Val F1 score (Non Deformation):  tensor(0.9691, device='cuda:0')
Val F1 score (Deformation):  tensor(0., device='cuda:0')
Epoch 1/50, Train Epoch Loss is 0.5416547086942627, end of epoch LR is 1.6461888147359383e-08
Train F1 score (Non Deformation):  tensor(0.8618, device='cuda:0')
Train F1 score (Deformation):  tensor(0.8619, device='cuda:0')
{'Epoch': 1, 'train_loss': 0.5416547086942627, 'end_of_epoch_lr': 1.6461888147359383e-08, 'Train MulticlassF1Score Class: Non Deformation': tensor(0.8618, device='cuda:0'), 'Train MulticlassF1Score Class: Deformation': tensor(0.8619, device='cuda:0')}
Val Epoch Loss is 0.28491826355457306
Val Acc (Non Deformation):  tensor(0.9139, device='cuda:0')
Val Acc (Deformation):  tensor(0.8896, device='cuda:0')
Val F1 score (Non Deformation):  tensor(0.9515, device='cuda:0')
Val F1 score (Deformation):  tensor(0.5491, device='cuda:0')
Epoch 2/50, Train Epoch Loss is 0.16624624272808433, end of epoch LR is 3.292377629471877e-08
Train F1 score (Non Deformation):  tensor(0.9457, device='cuda:0')
Train F1 score (Deformation):  tensor(0.9453, device='cuda:0')
{'Epoch': 2, 'train_loss': 0.16624624272808433, 'end_of_epoch_lr': 3.292377629471877e-08, 'Train MulticlassF1Score Class: Non Deformation': tensor(0.9457, device='cuda:0'), 'Train MulticlassF1Score Class: Deformation': tensor(0.9453, device='cuda:0')}
Val Epoch Loss is 0.21823697347038737
Val Acc (Non Deformation):  tensor(0.9329, device='cuda:0')
Val Acc (Deformation):  tensor(0.9805, device='cuda:0')
Val F1 score (Non Deformation):  tensor(0.9647, device='cuda:0')
Val F1 score (Deformation):  tensor(0.6467, device='cuda:0')
Epoch 3/50, Train Epoch Loss is 0.09304942990032335, end of epoch LR is 4.938566444207816e-08
Train F1 score (Non Deformation):  tensor(0.9734, device='cuda:0')
Train F1 score (Deformation):  tensor(0.9712, device='cuda:0')
{'Epoch': 3, 'train_loss': 0.09304942990032335, 'end_of_epoch_lr': 4.938566444207816e-08, 'Train MulticlassF1Score Class: Non Deformation': tensor(0.9734, device='cuda:0'), 'Train MulticlassF1Score Class: Deformation': tensor(0.9712, device='cuda:0')}
Val Epoch Loss is 0.14961308612449406
Val Acc (Non Deformation):  tensor(0.9681, device='cuda:0')
Val Acc (Deformation):  tensor(0.9805, device='cuda:0')
Val F1 score (Non Deformation):  tensor(0.9832, device='cuda:0')
Val F1 score (Deformation):  tensor(0.7906, device='cuda:0')
Epoch 4/50, Train Epoch Loss is 0.0782578897110566, end of epoch LR is 6.584755258943753e-08
Train F1 score (Non Deformation):  tensor(0.9758, device='cuda:0')
Train F1 score (Deformation):  tensor(0.9757, device='cuda:0')
{'Epoch': 4, 'train_loss': 0.0782578897110566, 'end_of_epoch_lr': 6.584755258943753e-08, 'Train MulticlassF1Score Class: Non Deformation': tensor(0.9758, device='cuda:0'), 'Train MulticlassF1Score Class: Deformation': tensor(0.9757, device='cuda:0')}
Val Epoch Loss is 0.08708575596877684
Val Acc (Non Deformation):  tensor(0.9793, device='cuda:0')
Val Acc (Deformation):  tensor(0.9545, device='cuda:0')
Val F1 score (Non Deformation):  tensor(0.9881, device='cuda:0')
Val F1 score (Deformation):  tensor(0.8376, device='cuda:0')
Epoch 5/50, Train Epoch Loss is 0.061319173310905514, end of epoch LR is 8.230944073679691e-08
Train F1 score (Non Deformation):  tensor(0.9815, device='cuda:0')
Train F1 score (Deformation):  tensor(0.9802, device='cuda:0')
{'Epoch': 5, 'train_loss': 0.061319173310905514, 'end_of_epoch_lr': 8.230944073679691e-08, 'Train MulticlassF1Score Class: Non Deformation': tensor(0.9815, device='cuda:0'), 'Train MulticlassF1Score Class: Deformation': tensor(0.9802, device='cuda:0')}
Val Epoch Loss is 0.14915650459685517
Val Acc (Non Deformation):  tensor(0.9640, device='cuda:0')
Val Acc (Deformation):  tensor(0.9675, device='cuda:0')
Val F1 score (Non Deformation):  tensor(0.9806, device='cuda:0')
Val F1 score (Deformation):  tensor(0.7641, device='cuda:0')
Epoch 6/50, Train Epoch Loss is 0.05361712416051887, end of epoch LR is 8.22091899064085e-08
Train F1 score (Non Deformation):  tensor(0.9788, device='cuda:0')
Train F1 score (Deformation):  tensor(0.9793, device='cuda:0')
{'Epoch': 6, 'train_loss': 0.05361712416051887, 'end_of_epoch_lr': 8.22091899064085e-08, 'Train MulticlassF1Score Class: Non Deformation': tensor(0.9788, device='cuda:0'), 'Train MulticlassF1Score Class: Deformation': tensor(0.9793, device='cuda:0')}
Val Epoch Loss is 0.07617207910152501
Val Acc (Non Deformation):  tensor(0.9727, device='cuda:0')
Val Acc (Deformation):  tensor(0.9870, device='cuda:0')
Val F1 score (Non Deformation):  tensor(0.9857, device='cuda:0')
Val F1 score (Deformation):  tensor(0.8172, device='cuda:0')
Epoch 7/50, Train Epoch Loss is 0.04261924478895508, end of epoch LR is 8.190892582721177e-08
Train F1 score (Non Deformation):  tensor(0.9844, device='cuda:0')
Train F1 score (Deformation):  tensor(0.9842, device='cuda:0')
{'Epoch': 7, 'train_loss': 0.04261924478895508, 'end_of_epoch_lr': 8.190892582721177e-08, 'Train MulticlassF1Score Class: Non Deformation': tensor(0.9844, device='cuda:0'), 'Train MulticlassF1Score Class: Deformation': tensor(0.9842, device='cuda:0')}
Val Epoch Loss is 0.09007595232469612
Val Acc (Non Deformation):  tensor(0.9706, device='cuda:0')
Val Acc (Deformation):  tensor(0.9870, device='cuda:0')
Val F1 score (Non Deformation):  tensor(0.9847, device='cuda:0')
Val F1 score (Deformation):  tensor(0.8064, device='cuda:0')
Epoch 8/50, Train Epoch Loss is 0.03263331524163754, end of epoch LR is 8.141011135561809e-08
Train F1 score (Non Deformation):  tensor(0.9887, device='cuda:0')
Train F1 score (Deformation):  tensor(0.9881, device='cuda:0')
{'Epoch': 8, 'train_loss': 0.03263331524163754, 'end_of_epoch_lr': 8.141011135561809e-08, 'Train MulticlassF1Score Class: Non Deformation': tensor(0.9887, device='cuda:0'), 'Train MulticlassF1Score Class: Deformation': tensor(0.9881, device='cuda:0')}
Val Epoch Loss is 0.12712062597468807
Val Acc (Non Deformation):  tensor(0.9685, device='cuda:0')
Val Acc (Deformation):  tensor(0.9805, device='cuda:0')
Val F1 score (Non Deformation):  tensor(0.9834, device='cuda:0')
Val F1 score (Deformation):  tensor(0.7927, device='cuda:0')
Epoch 9/50, Train Epoch Loss is 0.031233914603944868, end of epoch LR is 8.071517666559244e-08
Train F1 score (Non Deformation):  tensor(0.9900, device='cuda:0')
Train F1 score (Deformation):  tensor(0.9904, device='cuda:0')
{'Epoch': 9, 'train_loss': 0.031233914603944868, 'end_of_epoch_lr': 8.071517666559244e-08, 'Train MulticlassF1Score Class: Non Deformation': tensor(0.9900, device='cuda:0'), 'Train MulticlassF1Score Class: Deformation': tensor(0.9904, device='cuda:0')}
Val Epoch Loss is 0.13530810191999385
Val Acc (Non Deformation):  tensor(0.9690, device='cuda:0')
Val Acc (Deformation):  tensor(0.9870, device='cuda:0')
Val F1 score (Non Deformation):  tensor(0.9838, device='cuda:0')
Val F1 score (Deformation):  tensor(0.7979, device='cuda:0')
Test Acc (Non-Def) is: 0.9751335382461548
Test Acc (Def) is: 0.8035363554954529
Test F1 Score (Non-Def) is: 0.9791370034217834
Test F1 Score (Def) is: 0.7666354775428772
Saving checkpoint
Epoch 10/50, Train Epoch Loss is 0.02972323862159988, end of epoch LR is 7.982750740909001e-08
Train F1 score (Non Deformation):  tensor(0.9883, device='cuda:0')
Train F1 score (Deformation):  tensor(0.9882, device='cuda:0')
{'Epoch': 10, 'train_loss': 0.02972323862159988, 'end_of_epoch_lr': 7.982750740909001e-08, 'Train MulticlassF1Score Class: Non Deformation': tensor(0.9883, device='cuda:0'), 'Train MulticlassF1Score Class: Deformation': tensor(0.9882, device='cuda:0')}
Val Epoch Loss is 0.13553454053544556
Val Acc (Non Deformation):  tensor(0.9661, device='cuda:0')
Val Acc (Deformation):  tensor(0.9935, device='cuda:0')
Val F1 score (Non Deformation):  tensor(0.9825, device='cuda:0')
Val F1 score (Deformation):  tensor(0.7866, device='cuda:0')
Epoch 11/50, Train Epoch Loss is 0.027318381927402532, end of epoch LR is 7.875142822150029e-08
Train F1 score (Non Deformation):  tensor(0.9899, device='cuda:0')
Train F1 score (Deformation):  tensor(0.9894, device='cuda:0')
{'Epoch': 11, 'train_loss': 0.027318381927402532, 'end_of_epoch_lr': 7.875142822150029e-08, 'Train MulticlassF1Score Class: Non Deformation': tensor(0.9899, device='cuda:0'), 'Train MulticlassF1Score Class: Deformation': tensor(0.9894, device='cuda:0')}
Val Epoch Loss is 0.12249767471773036
Val Acc (Non Deformation):  tensor(0.9789, device='cuda:0')
Val Acc (Deformation):  tensor(0.9805, device='cuda:0')
Val F1 score (Non Deformation):  tensor(0.9887, device='cuda:0')
Val F1 score (Deformation):  tensor(0.8483, device='cuda:0')
Epoch 12/50, Train Epoch Loss is 0.028208485430999037, end of epoch LR is 7.749218165245812e-08
Train F1 score (Non Deformation):  tensor(0.9910, device='cuda:0')
Train F1 score (Deformation):  tensor(0.9903, device='cuda:0')
{'Epoch': 12, 'train_loss': 0.028208485430999037, 'end_of_epoch_lr': 7.749218165245812e-08, 'Train MulticlassF1Score Class: Non Deformation': tensor(0.9910, device='cuda:0'), 'Train MulticlassF1Score Class: Deformation': tensor(0.9903, device='cuda:0')}
Val Epoch Loss is 0.12900588377851818
Val Acc (Non Deformation):  tensor(0.9739, device='cuda:0')
Val Acc (Deformation):  tensor(0.9935, device='cuda:0')
Val F1 score (Non Deformation):  tensor(0.9866, device='cuda:0')
Val F1 score (Deformation):  tensor(0.8270, device='cuda:0')
Epoch 13/50, Train Epoch Loss is 0.019077557006514527, end of epoch LR is 7.605590262466884e-08
Train F1 score (Non Deformation):  tensor(0.9938, device='cuda:0')
Train F1 score (Deformation):  tensor(0.9939, device='cuda:0')
{'Epoch': 13, 'train_loss': 0.019077557006514527, 'end_of_epoch_lr': 7.605590262466884e-08, 'Train MulticlassF1Score Class: Non Deformation': tensor(0.9938, device='cuda:0'), 'Train MulticlassF1Score Class: Deformation': tensor(0.9939, device='cuda:0')}
Val Epoch Loss is 0.1699987395043839
Val Acc (Non Deformation):  tensor(0.9623, device='cuda:0')
Val Acc (Deformation):  tensor(0.9935, device='cuda:0')
Val F1 score (Non Deformation):  tensor(0.9806, device='cuda:0')
Val F1 score (Deformation):  tensor(0.7688, device='cuda:0')
Epoch 14/50, Train Epoch Loss is 0.014055216734729573, end of epoch LR is 7.444958854518161e-08
Train F1 score (Non Deformation):  tensor(0.9945, device='cuda:0')
Train F1 score (Deformation):  tensor(0.9943, device='cuda:0')
{'Epoch': 14, 'train_loss': 0.014055216734729573, 'end_of_epoch_lr': 7.444958854518161e-08, 'Train MulticlassF1Score Class: Non Deformation': tensor(0.9945, device='cuda:0'), 'Train MulticlassF1Score Class: Deformation': tensor(0.9943, device='cuda:0')}
Val Epoch Loss is 0.13663807897902794
Val Acc (Non Deformation):  tensor(0.9785, device='cuda:0')
Val Acc (Deformation):  tensor(0.9870, device='cuda:0')
Val F1 score (Non Deformation):  tensor(0.9887, device='cuda:0')
Val F1 score (Deformation):  tensor(0.8492, device='cuda:0')
Epoch 15/50, Train Epoch Loss is 0.012525765572201725, end of epoch LR is 7.268106521472551e-08
Train F1 score (Non Deformation):  tensor(0.9956, device='cuda:0')
Train F1 score (Deformation):  tensor(0.9956, device='cuda:0')
{'Epoch': 15, 'train_loss': 0.012525765572201725, 'end_of_epoch_lr': 7.268106521472551e-08, 'Train MulticlassF1Score Class: Non Deformation': tensor(0.9956, device='cuda:0'), 'Train MulticlassF1Score Class: Deformation': tensor(0.9956, device='cuda:0')}
Val Epoch Loss is 0.18608396511573724
Val Acc (Non Deformation):  tensor(0.9706, device='cuda:0')
Val Acc (Deformation):  tensor(0.9870, device='cuda:0')
Val F1 score (Non Deformation):  tensor(0.9847, device='cuda:0')
Val F1 score (Deformation):  tensor(0.8064, device='cuda:0')
Epoch 16/50, Train Epoch Loss is 0.017676412078148088, end of epoch LR is 7.075894870119522e-08
Train F1 score (Non Deformation):  tensor(0.9951, device='cuda:0')
Train F1 score (Deformation):  tensor(0.9952, device='cuda:0')
{'Epoch': 16, 'train_loss': 0.017676412078148088, 'end_of_epoch_lr': 7.075894870119522e-08, 'Train MulticlassF1Score Class: Non Deformation': tensor(0.9951, device='cuda:0'), 'Train MulticlassF1Score Class: Deformation': tensor(0.9952, device='cuda:0')}
Val Epoch Loss is 0.1050130298744989
Val Acc (Non Deformation):  tensor(0.9789, device='cuda:0')
Val Acc (Deformation):  tensor(0.9675, device='cuda:0')
Val F1 score (Non Deformation):  tensor(0.9883, device='cuda:0')
Val F1 score (Deformation):  tensor(0.8418, device='cuda:0')
Epoch 17/50, Train Epoch Loss is 0.0079200813361459, end of epoch LR is 6.869260336303417e-08
Train F1 score (Non Deformation):  tensor(0.9979, device='cuda:0')
Train F1 score (Deformation):  tensor(0.9978, device='cuda:0')
{'Epoch': 17, 'train_loss': 0.0079200813361459, 'end_of_epoch_lr': 6.869260336303417e-08, 'Train MulticlassF1Score Class: Non Deformation': tensor(0.9979, device='cuda:0'), 'Train MulticlassF1Score Class: Deformation': tensor(0.9978, device='cuda:0')}
Val Epoch Loss is 0.13412110495301022
Val Acc (Non Deformation):  tensor(0.9772, device='cuda:0')
Val Acc (Deformation):  tensor(0.9805, device='cuda:0')
Val F1 score (Non Deformation):  tensor(0.9879, device='cuda:0')
Val F1 score (Deformation):  tensor(0.8389, device='cuda:0')
Epoch 18/50, Train Epoch Loss is 0.00954280950203229, end of epoch LR is 6.649209622702156e-08
Train F1 score (Non Deformation):  tensor(0.9960, device='cuda:0')
Train F1 score (Deformation):  tensor(0.9960, device='cuda:0')
{'Epoch': 18, 'train_loss': 0.00954280950203229, 'end_of_epoch_lr': 6.649209622702156e-08, 'Train MulticlassF1Score Class: Non Deformation': tensor(0.9960, device='cuda:0'), 'Train MulticlassF1Score Class: Deformation': tensor(0.9960, device='cuda:0')}
Val Epoch Loss is 0.15968779962766652
Val Acc (Non Deformation):  tensor(0.9781, device='cuda:0')
Val Acc (Deformation):  tensor(0.9805, device='cuda:0')
Val F1 score (Non Deformation):  tensor(0.9883, device='cuda:0')
Val F1 score (Deformation):  tensor(0.8436, device='cuda:0')
Epoch 19/50, Train Epoch Loss is 0.007054023352475269, end of epoch LR is 6.416814794272987e-08
Train F1 score (Non Deformation):  tensor(0.9977, device='cuda:0')
Train F1 score (Deformation):  tensor(0.9978, device='cuda:0')
{'Epoch': 19, 'train_loss': 0.007054023352475269, 'end_of_epoch_lr': 6.416814794272987e-08, 'Train MulticlassF1Score Class: Non Deformation': tensor(0.9977, device='cuda:0'), 'Train MulticlassF1Score Class: Deformation': tensor(0.9978, device='cuda:0')}
Val Epoch Loss is 0.2007603589477943
Val Acc (Non Deformation):  tensor(0.9698, device='cuda:0')
Val Acc (Deformation):  tensor(0.9935, device='cuda:0')
Val F1 score (Non Deformation):  tensor(0.9845, device='cuda:0')
Val F1 score (Deformation):  tensor(0.8053, device='cuda:0')
Test Acc (Non-Def) is: 0.9758010506629944
Test Acc (Def) is: 0.8506876230239868
Test F1 Score (Non-Def) is: 0.9814518690109253
Test F1 Score (Def) is: 0.7966881394386292
Saving checkpoint
Epoch 20/50, Train Epoch Loss is 0.012119019074749236, end of epoch LR is 6.173208055259769e-08
Train F1 score (Non Deformation):  tensor(0.9951, device='cuda:0')
Train F1 score (Deformation):  tensor(0.9952, device='cuda:0')
{'Epoch': 20, 'train_loss': 0.012119019074749236, 'end_of_epoch_lr': 6.173208055259769e-08, 'Train MulticlassF1Score Class: Non Deformation': tensor(0.9951, device='cuda:0'), 'Train MulticlassF1Score Class: Deformation': tensor(0.9952, device='cuda:0')}
Val Epoch Loss is 0.12249401441598214
Val Acc (Non Deformation):  tensor(0.9801, device='cuda:0')
Val Acc (Deformation):  tensor(0.9740, device='cuda:0')
Val F1 score (Non Deformation):  tensor(0.9891, device='cuda:0')
Val F1 score (Deformation):  tensor(0.8523, device='cuda:0')
Epoch 21/50, Train Epoch Loss is 0.009240578685328215, end of epoch LR is 5.919576233207709e-08
Train F1 score (Non Deformation):  tensor(0.9971, device='cuda:0')
Train F1 score (Deformation):  tensor(0.9974, device='cuda:0')
{'Epoch': 21, 'train_loss': 0.009240578685328215, 'end_of_epoch_lr': 5.919576233207709e-08, 'Train MulticlassF1Score Class: Non Deformation': tensor(0.9971, device='cuda:0'), 'Train MulticlassF1Score Class: Deformation': tensor(0.9974, device='cuda:0')}
Val Epoch Loss is 0.17692329490982198
Val Acc (Non Deformation):  tensor(0.9714, device='cuda:0')
Val Acc (Deformation):  tensor(0.9935, device='cuda:0')
Val F1 score (Non Deformation):  tensor(0.9853, device='cuda:0')
Val F1 score (Deformation):  tensor(0.8138, device='cuda:0')
Epoch 22/50, Train Epoch Loss is 0.013466962169642523, end of epoch LR is 5.657154996858865e-08
Train F1 score (Non Deformation):  tensor(0.9948, device='cuda:0')
Train F1 score (Deformation):  tensor(0.9947, device='cuda:0')
{'Epoch': 22, 'train_loss': 0.013466962169642523, 'end_of_epoch_lr': 5.657154996858865e-08, 'Train MulticlassF1Score Class: Non Deformation': tensor(0.9948, device='cuda:0'), 'Train MulticlassF1Score Class: Deformation': tensor(0.9947, device='cuda:0')}
Val Epoch Loss is 0.162305086893222
Val Acc (Non Deformation):  tensor(0.9756, device='cuda:0')
Val Acc (Deformation):  tensor(0.9870, device='cuda:0')
Val F1 score (Non Deformation):  tensor(0.9872, device='cuda:0')
Val F1 score (Deformation):  tensor(0.8329, device='cuda:0')
Epoch 23/50, Train Epoch Loss is 0.0068015114100697105, end of epoch LR is 5.3872228360982375e-08
Train F1 score (Non Deformation):  tensor(0.9972, device='cuda:0')
Train F1 score (Deformation):  tensor(0.9973, device='cuda:0')
{'Epoch': 23, 'train_loss': 0.0068015114100697105, 'end_of_epoch_lr': 5.3872228360982375e-08, 'Train MulticlassF1Score Class: Non Deformation': tensor(0.9972, device='cuda:0'), 'Train MulticlassF1Score Class: Deformation': tensor(0.9973, device='cuda:0')}
Val Epoch Loss is 0.1658707626352983
Val Acc (Non Deformation):  tensor(0.9785, device='cuda:0')
Val Acc (Deformation):  tensor(0.9675, device='cuda:0')
Val F1 score (Non Deformation):  tensor(0.9881, device='cuda:0')
Val F1 score (Deformation):  tensor(0.8394, device='cuda:0')
Epoch 24/50, Train Epoch Loss is 0.007568230943618375, end of epoch LR is 5.111094833279567e-08
Train F1 score (Non Deformation):  tensor(0.9982, device='cuda:0')
Train F1 score (Deformation):  tensor(0.9982, device='cuda:0')
{'Epoch': 24, 'train_loss': 0.007568230943618375, 'end_of_epoch_lr': 5.111094833279567e-08, 'Train MulticlassF1Score Class: Non Deformation': tensor(0.9982, device='cuda:0'), 'Train MulticlassF1Score Class: Deformation': tensor(0.9982, device='cuda:0')}
Val Epoch Loss is 0.1700169291451251
Val Acc (Non Deformation):  tensor(0.9764, device='cuda:0')
Val Acc (Deformation):  tensor(0.9740, device='cuda:0')
Val F1 score (Non Deformation):  tensor(0.9872, device='cuda:0')
Val F1 score (Deformation):  tensor(0.8310, device='cuda:0')
Epoch 25/50, Train Epoch Loss is 0.004865698611450362, end of epoch LR is 4.830116256276296e-08
Train F1 score (Non Deformation):  tensor(0.9982, device='cuda:0')
Train F1 score (Deformation):  tensor(0.9982, device='cuda:0')
{'Epoch': 25, 'train_loss': 0.004865698611450362, 'end_of_epoch_lr': 4.830116256276296e-08, 'Train MulticlassF1Score Class: Non Deformation': tensor(0.9982, device='cuda:0'), 'Train MulticlassF1Score Class: Deformation': tensor(0.9982, device='cuda:0')}
Val Epoch Loss is 0.18217869487366065
Val Acc (Non Deformation):  tensor(0.9743, device='cuda:0')
Val Acc (Deformation):  tensor(0.9870, device='cuda:0')
Val F1 score (Non Deformation):  tensor(0.9866, device='cuda:0')
Val F1 score (Deformation):  tensor(0.8261, device='cuda:0')
Epoch 26/50, Train Epoch Loss is 0.004236503206822861, end of epoch LR is 4.5456560044717146e-08
Train F1 score (Non Deformation):  tensor(0.9987, device='cuda:0')
Train F1 score (Deformation):  tensor(0.9987, device='cuda:0')
{'Epoch': 26, 'train_loss': 0.004236503206822861, 'end_of_epoch_lr': 4.5456560044717146e-08, 'Train MulticlassF1Score Class: Non Deformation': tensor(0.9987, device='cuda:0'), 'Train MulticlassF1Score Class: Deformation': tensor(0.9987, device='cuda:0')}
Val Epoch Loss is 0.18744749671265026
Val Acc (Non Deformation):  tensor(0.9785, device='cuda:0')
Val Acc (Deformation):  tensor(0.9740, device='cuda:0')
Val F1 score (Non Deformation):  tensor(0.9883, device='cuda:0')
Val F1 score (Deformation):  tensor(0.8427, device='cuda:0')
Epoch 27/50, Train Epoch Loss is 0.004486349653234356, end of epoch LR is 4.2590999396187733e-08
Train F1 score (Non Deformation):  tensor(0.9983, device='cuda:0')
Train F1 score (Deformation):  tensor(0.9982, device='cuda:0')
{'Epoch': 27, 'train_loss': 0.004486349653234356, 'end_of_epoch_lr': 4.2590999396187733e-08, 'Train MulticlassF1Score Class: Non Deformation': tensor(0.9983, device='cuda:0'), 'Train MulticlassF1Score Class: Deformation': tensor(0.9982, device='cuda:0')}
Val Epoch Loss is 0.1737017815248881
Val Acc (Non Deformation):  tensor(0.9793, device='cuda:0')
Val Acc (Deformation):  tensor(0.9870, device='cuda:0')
Val F1 score (Non Deformation):  tensor(0.9891, device='cuda:0')
Val F1 score (Deformation):  tensor(0.8539, device='cuda:0')
Epoch 28/50, Train Epoch Loss is 0.004666162150897435, end of epoch LR is 3.97184413406092e-08
Train F1 score (Non Deformation):  tensor(0.9981, device='cuda:0')
Train F1 score (Deformation):  tensor(0.9982, device='cuda:0')
{'Epoch': 28, 'train_loss': 0.004666162150897435, 'end_of_epoch_lr': 3.97184413406092e-08, 'Train MulticlassF1Score Class: Non Deformation': tensor(0.9981, device='cuda:0'), 'Train MulticlassF1Score Class: Deformation': tensor(0.9982, device='cuda:0')}
Val Epoch Loss is 0.17698138483086723
Val Acc (Non Deformation):  tensor(0.9793, device='cuda:0')
Val Acc (Deformation):  tensor(0.9740, device='cuda:0')
Val F1 score (Non Deformation):  tensor(0.9887, device='cuda:0')
Val F1 score (Deformation):  tensor(0.8475, device='cuda:0')
Epoch 29/50, Train Epoch Loss is 0.007480297391799625, end of epoch LR is 3.685288069207977e-08
Train F1 score (Non Deformation):  tensor(0.9973, device='cuda:0')
Train F1 score (Deformation):  tensor(0.9974, device='cuda:0')
{'Epoch': 29, 'train_loss': 0.007480297391799625, 'end_of_epoch_lr': 3.685288069207977e-08, 'Train MulticlassF1Score Class: Non Deformation': tensor(0.9973, device='cuda:0'), 'Train MulticlassF1Score Class: Deformation': tensor(0.9974, device='cuda:0')}
Val Epoch Loss is 0.16557218046820785
Val Acc (Non Deformation):  tensor(0.9818, device='cuda:0')
Val Acc (Deformation):  tensor(0.9675, device='cuda:0')
Val F1 score (Non Deformation):  tensor(0.9898, device='cuda:0')
Val F1 score (Deformation):  tensor(0.8588, device='cuda:0')
Test Acc (Non-Def) is: 0.9809746146202087
Test Acc (Def) is: 0.7740668058395386
Test F1 Score (Non-Def) is: 0.9808927774429321
Test F1 Score (Def) is: 0.7748279571533203
Saving checkpoint
Epoch 30/50, Train Epoch Loss is 0.008764002089037604, end of epoch LR is 3.400827817403396e-08
Train F1 score (Non Deformation):  tensor(0.9973, device='cuda:0')
Train F1 score (Deformation):  tensor(0.9974, device='cuda:0')
{'Epoch': 30, 'train_loss': 0.008764002089037604, 'end_of_epoch_lr': 3.400827817403396e-08, 'Train MulticlassF1Score Class: Non Deformation': tensor(0.9973, device='cuda:0'), 'Train MulticlassF1Score Class: Deformation': tensor(0.9974, device='cuda:0')}
Val Epoch Loss is 0.1821118489900376
Val Acc (Non Deformation):  tensor(0.9772, device='cuda:0')
Val Acc (Deformation):  tensor(0.9870, device='cuda:0')
Val F1 score (Non Deformation):  tensor(0.9881, device='cuda:0')
Val F1 score (Deformation):  tensor(0.8421, device='cuda:0')
Epoch 31/50, Train Epoch Loss is 0.006477540459610925, end of epoch LR is 3.119849240400124e-08
Train F1 score (Non Deformation):  tensor(0.9974, device='cuda:0')
Train F1 score (Deformation):  tensor(0.9973, device='cuda:0')
{'Epoch': 31, 'train_loss': 0.006477540459610925, 'end_of_epoch_lr': 3.119849240400124e-08, 'Train MulticlassF1Score Class: Non Deformation': tensor(0.9974, device='cuda:0'), 'Train MulticlassF1Score Class: Deformation': tensor(0.9973, device='cuda:0')}
Val Epoch Loss is 0.14922651743779625
Val Acc (Non Deformation):  tensor(0.9789, device='cuda:0')
Val Acc (Deformation):  tensor(0.9805, device='cuda:0')
Val F1 score (Non Deformation):  tensor(0.9887, device='cuda:0')
Val F1 score (Deformation):  tensor(0.8483, device='cuda:0')
Epoch 32/50, Train Epoch Loss is 0.0040281248107424325, end of epoch LR is 2.843721237581454e-08
Train F1 score (Non Deformation):  tensor(0.9981, device='cuda:0')
Train F1 score (Deformation):  tensor(0.9982, device='cuda:0')
{'Epoch': 32, 'train_loss': 0.0040281248107424325, 'end_of_epoch_lr': 2.843721237581454e-08, 'Train MulticlassF1Score Class: Non Deformation': tensor(0.9981, device='cuda:0'), 'Train MulticlassF1Score Class: Deformation': tensor(0.9982, device='cuda:0')}
Val Epoch Loss is 0.1632690236754494
Val Acc (Non Deformation):  tensor(0.9776, device='cuda:0')
Val Acc (Deformation):  tensor(0.9805, device='cuda:0')
Val F1 score (Non Deformation):  tensor(0.9881, device='cuda:0')
Val F1 score (Deformation):  tensor(0.8412, device='cuda:0')
Epoch 33/50, Train Epoch Loss is 0.0022891801735671763, end of epoch LR is 2.5737890768208263e-08
Train F1 score (Non Deformation):  tensor(0.9991, device='cuda:0')
Train F1 score (Deformation):  tensor(0.9991, device='cuda:0')
{'Epoch': 33, 'train_loss': 0.0022891801735671763, 'end_of_epoch_lr': 2.5737890768208263e-08, 'Train MulticlassF1Score Class: Non Deformation': tensor(0.9991, device='cuda:0'), 'Train MulticlassF1Score Class: Deformation': tensor(0.9991, device='cuda:0')}
Val Epoch Loss is 0.1580278946974071
Val Acc (Non Deformation):  tensor(0.9797, device='cuda:0')
Val Acc (Deformation):  tensor(0.9805, device='cuda:0')
Val F1 score (Non Deformation):  tensor(0.9891, device='cuda:0')
Val F1 score (Deformation):  tensor(0.8531, device='cuda:0')
Epoch 34/50, Train Epoch Loss is 0.004986868640493989, end of epoch LR is 2.3113678404719818e-08
Train F1 score (Non Deformation):  tensor(0.9974, device='cuda:0')
Train F1 score (Deformation):  tensor(0.9974, device='cuda:0')
{'Epoch': 34, 'train_loss': 0.004986868640493989, 'end_of_epoch_lr': 2.3113678404719818e-08, 'Train MulticlassF1Score Class: Non Deformation': tensor(0.9974, device='cuda:0'), 'Train MulticlassF1Score Class: Deformation': tensor(0.9974, device='cuda:0')}
Val Epoch Loss is 0.1669685002159819
Val Acc (Non Deformation):  tensor(0.9789, device='cuda:0')
Val Acc (Deformation):  tensor(0.9805, device='cuda:0')
Val F1 score (Non Deformation):  tensor(0.9887, device='cuda:0')
Val F1 score (Deformation):  tensor(0.8483, device='cuda:0')
Epoch 35/50, Train Epoch Loss is 0.006515547956219163, end of epoch LR is 2.0577360184199238e-08
Train F1 score (Non Deformation):  tensor(0.9974, device='cuda:0')
Train F1 score (Deformation):  tensor(0.9974, device='cuda:0')
{'Epoch': 35, 'train_loss': 0.006515547956219163, 'end_of_epoch_lr': 2.0577360184199238e-08, 'Train MulticlassF1Score Class: Non Deformation': tensor(0.9974, device='cuda:0'), 'Train MulticlassF1Score Class: Deformation': tensor(0.9974, device='cuda:0')}
Val Epoch Loss is 0.1506878268883156
Val Acc (Non Deformation):  tensor(0.9801, device='cuda:0')
Val Acc (Deformation):  tensor(0.9805, device='cuda:0')
Val F1 score (Non Deformation):  tensor(0.9893, device='cuda:0')
Val F1 score (Deformation):  tensor(0.8555, device='cuda:0')
Epoch 36/50, Train Epoch Loss is 0.0031130625332191748, end of epoch LR is 1.8141292794067045e-08
Train F1 score (Non Deformation):  tensor(0.9987, device='cuda:0')
Train F1 score (Deformation):  tensor(0.9987, device='cuda:0')
{'Epoch': 36, 'train_loss': 0.0031130625332191748, 'end_of_epoch_lr': 1.8141292794067045e-08, 'Train MulticlassF1Score Class: Non Deformation': tensor(0.9987, device='cuda:0'), 'Train MulticlassF1Score Class: Deformation': tensor(0.9987, device='cuda:0')}
Val Epoch Loss is 0.17109876908666402
Val Acc (Non Deformation):  tensor(0.9797, device='cuda:0')
Val Acc (Deformation):  tensor(0.9805, device='cuda:0')
Val F1 score (Non Deformation):  tensor(0.9891, device='cuda:0')
Val F1 score (Deformation):  tensor(0.8531, device='cuda:0')
Epoch 37/50, Train Epoch Loss is 0.0014601707389374496, end of epoch LR is 1.5817344509775343e-08
Train F1 score (Non Deformation):  tensor(1., device='cuda:0')
Train F1 score (Deformation):  tensor(1., device='cuda:0')
{'Epoch': 37, 'train_loss': 0.0014601707389374496, 'end_of_epoch_lr': 1.5817344509775343e-08, 'Train MulticlassF1Score Class: Non Deformation': tensor(1., device='cuda:0'), 'Train MulticlassF1Score Class: Deformation': tensor(1., device='cuda:0')}
Val Epoch Loss is 0.17326973204034365
Val Acc (Non Deformation):  tensor(0.9797, device='cuda:0')
Val Acc (Deformation):  tensor(0.9805, device='cuda:0')
Val F1 score (Non Deformation):  tensor(0.9891, device='cuda:0')
Val F1 score (Deformation):  tensor(0.8531, device='cuda:0')
Epoch 38/50, Train Epoch Loss is 0.0016140866314458436, end of epoch LR is 1.3616837373762744e-08
Train F1 score (Non Deformation):  tensor(0.9995, device='cuda:0')
Train F1 score (Deformation):  tensor(0.9996, device='cuda:0')
{'Epoch': 38, 'train_loss': 0.0016140866314458436, 'end_of_epoch_lr': 1.3616837373762744e-08, 'Train MulticlassF1Score Class: Non Deformation': tensor(0.9995, device='cuda:0'), 'Train MulticlassF1Score Class: Deformation': tensor(0.9996, device='cuda:0')}
Val Epoch Loss is 0.19073934924259106
Val Acc (Non Deformation):  tensor(0.9797, device='cuda:0')
Val Acc (Deformation):  tensor(0.9805, device='cuda:0')
Val F1 score (Non Deformation):  tensor(0.9891, device='cuda:0')
Val F1 score (Deformation):  tensor(0.8531, device='cuda:0')
Epoch 39/50, Train Epoch Loss is 0.006092418983939751, end of epoch LR is 1.155049203560169e-08
Train F1 score (Non Deformation):  tensor(0.9991, device='cuda:0')
Train F1 score (Deformation):  tensor(0.9991, device='cuda:0')
{'Epoch': 39, 'train_loss': 0.006092418983939751, 'end_of_epoch_lr': 1.155049203560169e-08, 'Train MulticlassF1Score Class: Non Deformation': tensor(0.9991, device='cuda:0'), 'Train MulticlassF1Score Class: Deformation': tensor(0.9991, device='cuda:0')}
Val Epoch Loss is 0.18396526166807803
Val Acc (Non Deformation):  tensor(0.9793, device='cuda:0')
Val Acc (Deformation):  tensor(0.9805, device='cuda:0')
Val F1 score (Non Deformation):  tensor(0.9889, device='cuda:0')
Val F1 score (Deformation):  tensor(0.8507, device='cuda:0')
Test Acc (Non-Def) is: 0.9798064231872559
Test Acc (Def) is: 0.8015717267990112
Test F1 Score (Non-Def) is: 0.9814442992210388
Test F1 Score (Def) is: 0.7861271500587463
Saving checkpoint
Epoch 40/50, Train Epoch Loss is 0.004946243089054608, end of epoch LR is 9.628375522071405e-09
Train F1 score (Non Deformation):  tensor(0.9996, device='cuda:0')
Train F1 score (Deformation):  tensor(0.9996, device='cuda:0')
{'Epoch': 40, 'train_loss': 0.004946243089054608, 'end_of_epoch_lr': 9.628375522071405e-09, 'Train MulticlassF1Score Class: Non Deformation': tensor(0.9996, device='cuda:0'), 'Train MulticlassF1Score Class: Deformation': tensor(0.9996, device='cuda:0')}
Val Epoch Loss is 0.16971027730889432
Val Acc (Non Deformation):  tensor(0.9801, device='cuda:0')
Val Acc (Deformation):  tensor(0.9805, device='cuda:0')
Val F1 score (Non Deformation):  tensor(0.9893, device='cuda:0')
Val F1 score (Deformation):  tensor(0.8555, device='cuda:0')
Epoch 41/50, Train Epoch Loss is 0.0031472665295084533, end of epoch LR is 7.859852191615312e-09
Train F1 score (Non Deformation):  tensor(0.9988, device='cuda:0')
Train F1 score (Deformation):  tensor(0.9987, device='cuda:0')
{'Epoch': 41, 'train_loss': 0.0031472665295084533, 'end_of_epoch_lr': 7.859852191615312e-09, 'Train MulticlassF1Score Class: Non Deformation': tensor(0.9988, device='cuda:0'), 'Train MulticlassF1Score Class: Deformation': tensor(0.9987, device='cuda:0')}
Val Epoch Loss is 0.12560929152448352
Val Acc (Non Deformation):  tensor(0.9805, device='cuda:0')
Val Acc (Deformation):  tensor(0.9805, device='cuda:0')
Val F1 score (Non Deformation):  tensor(0.9896, device='cuda:0')
Val F1 score (Deformation):  tensor(0.8580, device='cuda:0')
Epoch 42/50, Train Epoch Loss is 0.002320243743236427, end of epoch LR is 6.25353811212806e-09
Train F1 score (Non Deformation):  tensor(0.9991, device='cuda:0')
Train F1 score (Deformation):  tensor(0.9991, device='cuda:0')
{'Epoch': 42, 'train_loss': 0.002320243743236427, 'end_of_epoch_lr': 6.25353811212806e-09, 'Train MulticlassF1Score Class: Non Deformation': tensor(0.9991, device='cuda:0'), 'Train MulticlassF1Score Class: Deformation': tensor(0.9991, device='cuda:0')}
Val Epoch Loss is 0.12941092593417616
Val Acc (Non Deformation):  tensor(0.9801, device='cuda:0')
Val Acc (Deformation):  tensor(0.9805, device='cuda:0')
Val F1 score (Non Deformation):  tensor(0.9893, device='cuda:0')
Val F1 score (Deformation):  tensor(0.8555, device='cuda:0')
Epoch 43/50, Train Epoch Loss is 0.0034024233898687977, end of epoch LR is 4.817259084338795e-09
Train F1 score (Non Deformation):  tensor(0.9987, device='cuda:0')
Train F1 score (Deformation):  tensor(0.9987, device='cuda:0')
{'Epoch': 43, 'train_loss': 0.0034024233898687977, 'end_of_epoch_lr': 4.817259084338795e-09, 'Train MulticlassF1Score Class: Non Deformation': tensor(0.9987, device='cuda:0'), 'Train MulticlassF1Score Class: Deformation': tensor(0.9987, device='cuda:0')}
Val Epoch Loss is 0.13114688135884003
Val Acc (Non Deformation):  tensor(0.9805, device='cuda:0')
Val Acc (Deformation):  tensor(0.9805, device='cuda:0')
Val F1 score (Non Deformation):  tensor(0.9896, device='cuda:0')
Val F1 score (Deformation):  tensor(0.8580, device='cuda:0')
Epoch 44/50, Train Epoch Loss is 0.0017134405268052432, end of epoch LR is 3.558012515296626e-09
Train F1 score (Non Deformation):  tensor(0.9991, device='cuda:0')
Train F1 score (Deformation):  tensor(0.9991, device='cuda:0')
{'Epoch': 44, 'train_loss': 0.0017134405268052432, 'end_of_epoch_lr': 3.558012515296626e-09, 'Train MulticlassF1Score Class: Non Deformation': tensor(0.9991, device='cuda:0'), 'Train MulticlassF1Score Class: Deformation': tensor(0.9991, device='cuda:0')}
Val Epoch Loss is 0.13781519163572398
Val Acc (Non Deformation):  tensor(0.9801, device='cuda:0')
Val Acc (Deformation):  tensor(0.9805, device='cuda:0')
Val F1 score (Non Deformation):  tensor(0.9893, device='cuda:0')
Val F1 score (Deformation):  tensor(0.8555, device='cuda:0')
Epoch 45/50, Train Epoch Loss is 0.0008047997059068845, end of epoch LR is 2.481933327706909e-09
Train F1 score (Non Deformation):  tensor(1., device='cuda:0')
Train F1 score (Deformation):  tensor(1., device='cuda:0')
{'Epoch': 45, 'train_loss': 0.0008047997059068845, 'end_of_epoch_lr': 2.481933327706909e-09, 'Train MulticlassF1Score Class: Non Deformation': tensor(1., device='cuda:0'), 'Train MulticlassF1Score Class: Deformation': tensor(1., device='cuda:0')}
Val Epoch Loss is 0.13852092061357743
Val Acc (Non Deformation):  tensor(0.9801, device='cuda:0')
Val Acc (Deformation):  tensor(0.9805, device='cuda:0')
Val F1 score (Non Deformation):  tensor(0.9893, device='cuda:0')
Val F1 score (Deformation):  tensor(0.8555, device='cuda:0')
Epoch 46/50, Train Epoch Loss is 0.000975124301165612, end of epoch LR is 1.5942640712044893e-09
Train F1 score (Non Deformation):  tensor(1., device='cuda:0')
Train F1 score (Deformation):  tensor(1., device='cuda:0')
{'Epoch': 46, 'train_loss': 0.000975124301165612, 'end_of_epoch_lr': 1.5942640712044893e-09, 'Train MulticlassF1Score Class: Non Deformation': tensor(1., device='cuda:0'), 'Train MulticlassF1Score Class: Deformation': tensor(1., device='cuda:0')}
Val Epoch Loss is 0.14020078811829725
Val Acc (Non Deformation):  tensor(0.9801, device='cuda:0')
Val Acc (Deformation):  tensor(0.9805, device='cuda:0')
Val F1 score (Non Deformation):  tensor(0.9893, device='cuda:0')
Val F1 score (Deformation):  tensor(0.8555, device='cuda:0')
Epoch 47/50, Train Epoch Loss is 0.0012354741539739836, end of epoch LR is 8.993293811788225e-10
Train F1 score (Non Deformation):  tensor(1., device='cuda:0')
Train F1 score (Deformation):  tensor(1., device='cuda:0')
{'Epoch': 47, 'train_loss': 0.0012354741539739836, 'end_of_epoch_lr': 8.993293811788225e-10, 'Train MulticlassF1Score Class: Non Deformation': tensor(1., device='cuda:0'), 'Train MulticlassF1Score Class: Deformation': tensor(1., device='cuda:0')}
Val Epoch Loss is 0.1398079085119169
Val Acc (Non Deformation):  tensor(0.9801, device='cuda:0')
Val Acc (Deformation):  tensor(0.9805, device='cuda:0')
Val F1 score (Non Deformation):  tensor(0.9893, device='cuda:0')
Val F1 score (Deformation):  tensor(0.8555, device='cuda:0')
Epoch 48/50, Train Epoch Loss is 0.0026884624905595743, end of epoch LR is 4.0051490958515243e-10
Train F1 score (Non Deformation):  tensor(0.9987, device='cuda:0')
Train F1 score (Deformation):  tensor(0.9987, device='cuda:0')
{'Epoch': 48, 'train_loss': 0.0026884624905595743, 'end_of_epoch_lr': 4.0051490958515243e-10, 'Train MulticlassF1Score Class: Non Deformation': tensor(0.9987, device='cuda:0'), 'Train MulticlassF1Score Class: Deformation': tensor(0.9987, device='cuda:0')}
Val Epoch Loss is 0.13904276318220354
Val Acc (Non Deformation):  tensor(0.9801, device='cuda:0')
Val Acc (Deformation):  tensor(0.9805, device='cuda:0')
Val F1 score (Non Deformation):  tensor(0.9893, device='cuda:0')
Val F1 score (Deformation):  tensor(0.8555, device='cuda:0')
Epoch 49/50, Train Epoch Loss is 0.003585189546203151, end of epoch LR is 1.0025083038840802e-10
Train F1 score (Non Deformation):  tensor(0.9992, device='cuda:0')
Train F1 score (Deformation):  tensor(0.9991, device='cuda:0')
{'Epoch': 49, 'train_loss': 0.003585189546203151, 'end_of_epoch_lr': 1.0025083038840802e-10, 'Train MulticlassF1Score Class: Non Deformation': tensor(0.9992, device='cuda:0'), 'Train MulticlassF1Score Class: Deformation': tensor(0.9991, device='cuda:0')}
Val Epoch Loss is 0.1391527441944144
Val Acc (Non Deformation):  tensor(0.9801, device='cuda:0')
Val Acc (Deformation):  tensor(0.9805, device='cuda:0')
Val F1 score (Non Deformation):  tensor(0.9893, device='cuda:0')
Val F1 score (Deformation):  tensor(0.8555, device='cuda:0')
Test Acc (Non-Def) is: 0.9828104376792908
Test Acc (Def) is: 0.7976424098014832
Test F1 Score (Non-Def) is: 0.9828104376792908
Test F1 Score (Def) is: 0.7976423501968384
Saving checkpoint
====================
MAE end to end finetuning complete in 11037.156528949738 seconds for 50 epochs
====================
submitit INFO (2025-07-16 14:08:38,489) - Job completed successfully
submitit INFO (2025-07-16 14:08:38,491) - Exiting after successful completion
